<?xml version="1.0" encoding="UTF-8"?>
<testsuite name="com.uthtechnologies.springdata.hz.HzKeyValueTemplateTest" tests="17" skipped="0" failures="0" errors="0" timestamp="2016-02-15T11:33:34" hostname="1D3V7R1" time="0.292">
  <properties/>
  <testcase name="deleteThrowsExceptionWhenIdCannotBeExctracted" classname="com.uthtechnologies.springdata.hz.HzKeyValueTemplateTest" time="0.06"/>
  <testcase name="createShouldReturnSameInstanceGenerateId" classname="com.uthtechnologies.springdata.hz.HzKeyValueTemplateTest" time="0.02"/>
  <testcase name="insertShouldThrowExceptionForNullId" classname="com.uthtechnologies.springdata.hz.HzKeyValueTemplateTest" time="0.02"/>
  <testcase name="insertShouldNotThorwErrorWhenExecutedHavingNonExistingIdAndNonNullValue" classname="com.uthtechnologies.springdata.hz.HzKeyValueTemplateTest" time="0.021"/>
  <testcase name="countShouldReturnZeroWhenNoElementsPresent" classname="com.uthtechnologies.springdata.hz.HzKeyValueTemplateTest" time="0.031"/>
  <testcase name="updateShouldRespectTypeInformation" classname="com.uthtechnologies.springdata.hz.HzKeyValueTemplateTest" time="0.02"/>
  <testcase name="findByIdShouldReturnNullIfNoMatchingTypeFound" classname="com.uthtechnologies.springdata.hz.HzKeyValueTemplateTest" time="0.01"/>
  <testcase name="updateShouldReplaceExistingObject" classname="com.uthtechnologies.springdata.hz.HzKeyValueTemplateTest" time="0.02"/>
  <testcase name="findByIdShouldReturnObjectWithMatchingIdAndType" classname="com.uthtechnologies.springdata.hz.HzKeyValueTemplateTest" time="0.01"/>
  <testcase name="deleteShouldRemoveObjectCorrectly" classname="com.uthtechnologies.springdata.hz.HzKeyValueTemplateTest" time="0.02"/>
  <testcase name="findByIdSouldReturnNullIfNoMatchingIdFound" classname="com.uthtechnologies.springdata.hz.HzKeyValueTemplateTest" time="0.0"/>
  <testcase name="insertShouldThrowExceptionForNullObject" classname="com.uthtechnologies.springdata.hz.HzKeyValueTemplateTest" time="0.0"/>
  <testcase name="deleteReturnsNullWhenNotExisting" classname="com.uthtechnologies.springdata.hz.HzKeyValueTemplateTest" time="0.01"/>
  <testcase name="insertShouldThrowExecptionWhenObjectOfSameTypeAlreadyExists" classname="com.uthtechnologies.springdata.hz.HzKeyValueTemplateTest" time="0.01"/>
  <testcase name="deleteReturnsRemovedObject" classname="com.uthtechnologies.springdata.hz.HzKeyValueTemplateTest" time="0.0"/>
  <testcase name="insertShouldWorkCorrectlyWhenObjectsOfDifferentTypesWithSameIdAreInserted" classname="com.uthtechnologies.springdata.hz.HzKeyValueTemplateTest" time="0.0"/>
  <testcase name="createShouldRespectExistingId" classname="com.uthtechnologies.springdata.hz.HzKeyValueTemplateTest" time="0.0"/>
  <system-out><![CDATA[2016-02-15 17:03:34.633  INFO 8932 --- [    Test worker] o.s.t.c.support.AbstractContextLoader    : Could not detect default resource locations for test class [com.uthtechnologies.springdata.hz.HzKeyValueTemplateTest]: no resource found for suffixes {-context.xml, Context.groovy}.
2016-02-15 17:03:34.633  INFO 8932 --- [    Test worker] o.s.t.c.s.DefaultTestContextBootstrapper : Loaded default TestExecutionListener class names from location [META-INF/spring.factories]: [org.springframework.test.context.web.ServletTestExecutionListener, org.springframework.test.context.support.DirtiesContextBeforeModesTestExecutionListener, org.springframework.test.context.support.DependencyInjectionTestExecutionListener, org.springframework.test.context.support.DirtiesContextTestExecutionListener, org.springframework.test.context.transaction.TransactionalTestExecutionListener, org.springframework.test.context.jdbc.SqlScriptsTestExecutionListener]
2016-02-15 17:03:34.633  INFO 8932 --- [    Test worker] o.s.t.c.s.DefaultTestContextBootstrapper : Could not instantiate TestExecutionListener [org.springframework.test.context.web.ServletTestExecutionListener]. Specify custom listener classes or make the default listener classes (and their required dependencies) available. Offending class: [javax/servlet/ServletContext]
2016-02-15 17:03:34.633  INFO 8932 --- [    Test worker] o.s.t.c.s.DefaultTestContextBootstrapper : Using TestExecutionListeners: [org.springframework.test.context.support.DirtiesContextBeforeModesTestExecutionListener@5e2c4e30, org.springframework.test.context.support.DependencyInjectionTestExecutionListener@50e9f5d, org.springframework.test.context.support.DirtiesContextTestExecutionListener@1a486f4a, org.springframework.test.context.transaction.TransactionalTestExecutionListener@1712409d, org.springframework.test.context.jdbc.SqlScriptsTestExecutionListener@2bf3d181]
]]></system-out>
  <system-err><![CDATA[]]></system-err>
</testsuite>
